INFO: David Blaine hit
INFO: David Blaine added card
INFO: David Blaine hit
INFO: David Blaine added card
INFO: David Blaine hit
INFO: David Blaine added card
INFO: David Blaine hit
INFO: David Blaine added card
INFO: David Blaine hit
INFO: David Blaine added card
INFO: David Blaine hit
INFO: David Blaine added card
INFO: David Blaine hit
INFO: David Blaine added card
INFO: David Blaine hit
INFO: David Blaine added card
INFO: David Blaine hit
INFO: David Blaine added card
INFO: David Blaine hit
INFO: David Blaine added card
INFO: David Blaine hit
INFO: David Blaine added card
INFO: David Blaine hit
INFO: David Blaine added card
INFO: David Blaine hit
INFO: David Blaine added card
INFO: David Blaine hit
INFO: David Blaine added card
INFO: David Blaine hit
INFO: David Blaine added card
INFO: David Blaine hit
INFO: David Blaine added card
INFO: David Blaine hit
INFO: David Blaine added card
INFO: David Blaine hit
INFO: David Blaine added card
INFO: David Blaine hit
INFO: David Blaine added card
INFO: David Blaine hit
INFO: David Blaine added card
INFO: David Blaine hit
INFO: David Blaine added card
INFO: David Blaine hit
INFO: David Blaine added card
INFO: Bill Malone hit
INFO: Bill Malone added card
INFO: Bill Malone hit
INFO: Bill Malone added card
INFO: Bill Malone hit
INFO: Bill Malone added card
INFO: Bill Malone hit
INFO: Bill Malone added card
INFO: Bill Malone bet $3000
INFO: Bill Malone bet $5
INFO: Bill Malone hit
INFO: Bill Malone added card
INFO: Bill Malone hit
INFO: Bill Malone added card
INFO: Bill Malone doubled down
INFO: Bill Malone added card
INFO: Bill Malone bet $5
INFO: Bill Malone hit
INFO: Bill Malone added card
INFO: Bill Malone hit
INFO: Bill Malone added card
INFO: Bill Malone doubled down
INFO: Bill Malone added card
INFO: Bill Malone busted
INFO: Bill Malone doubled down
INFO: Bill Malone hit
INFO: Bill Malone added card
INFO: Bill Malone hit
INFO: Bill Malone added card
INFO: Bill Malone hit
INFO: Bill Malone added card
INFO: Bill Malone hit
INFO: Bill Malone added card
INFO: Bill Malone hit
INFO: Bill Malone added card
INFO: Bill Malone hit
INFO: Bill Malone added card
INFO: Bill Malone hit
INFO: Bill Malone added card
INFO: Bill Malone hit
INFO: Bill Malone added card
INFO: Bill Malone hit
INFO: Bill Malone added card
INFO: Bill Malone hit
INFO: Bill Malone added card
INFO: Bill Malone hit
INFO: Bill Malone added card
INFO: Bill Malone hit
INFO: Bill Malone added card
INFO: Bill Malone hit
INFO: Bill Malone added card
INFO: Bill Malone hit
INFO: Bill Malone added card
INFO: Bill Malone hit
INFO: Bill Malone added card
INFO: Bill Malone hit
INFO: Bill Malone added card
INFO: Bill Malone hit
INFO: Bill Malone added card
INFO: Bill Malone hit
INFO: Bill Malone added card
INFO: Bill Malone hit
INFO: Bill Malone added card
INFO: Bill Malone hit
INFO: Bill Malone added card
INFO: Bill Malone hit
INFO: Bill Malone added card
INFO: Bill Malone hit
INFO: Bill Malone added card
INFO: Bill Malone hit
INFO: Bill Malone added card
INFO: Bill Malone hit
INFO: Bill Malone added card
INFO: Bill Malone hit
INFO: Bill Malone added card
INFO: Bill Malone hit
INFO: Bill Malone added card
INFO: Bill Malone hit
INFO: Bill Malone added card
INFO: Bill Malone hit
INFO: Bill Malone added card
INFO: Bill Malone hit
INFO: Bill Malone added card
INFO: Bill Malone hit
INFO: Bill Malone added card
INFO: Bill Malone hit
INFO: Bill Malone added card
INFO: Bill Malone hit
INFO: Bill Malone added card
INFO: Bill Malone hit
INFO: Bill Malone added card
INFO: Bill Malone hit
INFO: Bill Malone added card
INFO: Bill Malone hit
INFO: Bill Malone added card
INFO: Bill Malone bet $3000
INFO: Bill Malone bet $5
INFO: Bill Malone hit
INFO: Bill Malone added card
INFO: Bill Malone hit
INFO: Bill Malone added card
INFO: Bill Malone split
INFO: Bill Malone added card
INFO: Bill Malone added card
INFO: Bill Malone split
INFO: Bill Malone hit
INFO: Bill Malone added card
INFO: Bill Malone hit
INFO: Bill Malone added card
INFO: Bill Malone hit
INFO: Bill Malone added card
INFO: Bill Malone hit
INFO: Bill Malone added card
INFO: Bill Malone hit
INFO: Bill Malone added card
INFO: Bill Malone hit
INFO: Bill Malone added card
INFO: Bill Malone hit
INFO: Bill Malone added card
INFO: Bill Malone hit
INFO: Bill Malone added card
INFO: Bill Malone stood
INFO: Bill Malone stood
INFO: Bill Malone hit
INFO: Bill Malone added card
INFO: Bill Malone hit
INFO: Bill Malone added card
INFO: Bill Malone hit
INFO: Bill Malone added card
INFO: Bill Malone hit
INFO: Bill Malone added card
INFO: Bill Malone hit
INFO: Bill Malone added card
INFO: Bill Malone hit
INFO: Bill Malone added card
INFO: Bill Malone hit
INFO: Bill Malone added card
INFO: Bill Malone hit
INFO: Bill Malone added card
INFO: Bill Malone hit
INFO: Bill Malone added card
INFO: Bill Malone hit
INFO: Bill Malone added card
INFO: Bill Malone bet $5
INFO: Bill Malone hit
INFO: Bill Malone added card
INFO: Bill Malone hit
INFO: Bill Malone added card
INFO: Bill Malone surrendered
INFO: Bill Malone won $2
INFO: Bill Malone surrendered
INFO: Bill Malone hit
INFO: Bill Malone added card
INFO: Bill Malone hit
INFO: Bill Malone added card
INFO: Bill Malone hit
INFO: Bill Malone added card
INFO: Bill Malone hit
INFO: Bill Malone added card
INFO: Bill Malone hit
INFO: Bill Malone added card
INFO: Bill Malone hit
INFO: Bill Malone added card
INFO: Bill Malone hit
INFO: Bill Malone added card
INFO: Bill Malone hit
INFO: Bill Malone added card
INFO: Bill Malone hit
INFO: Bill Malone added card
INFO: Bill Malone hit
INFO: Bill Malone added card
INFO: Bill Malone hit
INFO: Bill Malone added card
INFO: Bill Malone hit
INFO: Bill Malone added card
INFO: Bill Malone busted
INFO: Bill Malone hit
INFO: Bill Malone added card
INFO: Bill Malone hit
INFO: Bill Malone added card
INFO: Bill Malone hit
INFO: Bill Malone added card
INFO: Bill Malone hit
INFO: Bill Malone added card
INFO: Bill Malone busted
INFO: Bill Malone hit
INFO: Bill Malone added card
INFO: Bill Malone hit
INFO: Bill Malone added card
INFO: Bill Malone hit
INFO: Bill Malone added card
INFO: Bill Malone busted
INFO: Bill Malone hit
